FEDSCM-ADMIN(1)                  User Commands                 FEDSCM-ADMIN(1)

NAME
       fedscm-admin - manual page for fedscm-admin 1.1.3

DESCRIPTION
   Traceback (most recent call last):
              File                    "/usr/lib/python3.10/site-packages/fasj‐
              son_client/gss_http.py", line 27, in _get_creds

              creds = gssapi.Credentials(name=name, usage="initiate")

              File "/usr/lib64/python3.10/site-packages/gssapi/creds.py", line
              63, in __new__

              res = cls.acquire(name, lifetime, mechs, usage,

              File "/usr/lib64/python3.10/site-packages/gssapi/creds.py", line
              136, in acquire

              res = rcreds.acquire_cred(name, lifetime,

              File "gssapi/raw/creds.pyx", line 161,  in  gssapi.raw.creds.ac‐
              quire_cred

       gssapi.raw.exceptions.MissingCredentialsError:  Major (458752): No cre‐
       dentials were supplied, or the credentials were unavailable or inacces‐
       sible,  Minor  (2529639053): No Kerberos credentials available (default
       cache: KEYRING:persistent:1000)

       During handling of the above exception, another exception occurred:

   Traceback (most recent call last):
              File                       "/builddir/build/BUILDROOT/fedscm-ad‐
              min-1.1.3-0.fc35.noarch/usr/lib/python3.10/site-packages/fed‐
              scm_admin/fas.py", line 38, in __init__

              self.client = fasjson_client.Client(url=fasjson_url)

              File                    "/usr/lib/python3.10/site-packages/fasj‐
              son_client/client.py", line 37, in __init__

              self._api = self._make_bravado_client()

              File                    "/usr/lib/python3.10/site-packages/fasj‐
              son_client/client.py", line 61, in _make_bravado_client

              api = SwaggerClient.from_url(

              File "/usr/lib/python3.10/site-packages/bravado/client.py", line
              98, in from_url

              spec_dict = loader.load_spec(spec_url)

              File            "/usr/lib/python3.10/site-packages/bravado/swag‐
              ger_model.py", line 101, in load_spec

              response = request(

              File            "/usr/lib/python3.10/site-packages/bravado/swag‐
              ger_model.py", line 79, in request

              return http_client.request(request_params)

              File              "/usr/lib/python3.10/site-packages/bravado/re‐
              quests_client.py", line 399, in request

              self.authenticated_request(sanitized_params),

              File              "/usr/lib/python3.10/site-packages/bravado/re‐
              quests_client.py", line 440, in authenticated_request

              return          self.apply_authentication(requests.Request(**re‐
              quest_params))

              File              "/usr/lib/python3.10/site-packages/bravado/re‐
              quests_client.py", line 445, in apply_authentication

              return self.authenticator.apply(request)

              File                    "/usr/lib/python3.10/site-packages/fasj‐
              son_client/gss_http.py", line 18, in apply

              request.auth = HTTPSPNEGOAuth(creds=self._get_creds())

              File                    "/usr/lib/python3.10/site-packages/fasj‐
              son_client/gss_http.py", line 29, in _get_creds

              raise ClientSetupError(

       fasjson_client.errors.ClientSetupError: Authentication failed

       During handling of the above exception, another exception occurred:

   Traceback (most recent call last):
              File                       "/builddir/build/BUILDROOT/fedscm-ad‐
              min-1.1.3-0.fc35.noarch//usr/bin/fedscm-admin",  line   33,   in
              <module>

              sys.exit(load_entry_point('fedscm-admin==1.1.3',           'con‐
              sole_scripts', 'fedscm-admin')())

              File                       "/builddir/build/BUILDROOT/fedscm-ad‐
              min-1.1.3-0.fc35.noarch//usr/bin/fedscm-admin",  line 25, in im‐
              portlib_load_entry_point

              return next(matches).load()

              File     "/usr/lib64/python3.10/importlib/metadata/__init__.py",
              line 162, in load

              module = import_module(match.group('module'))

              File "/usr/lib64/python3.10/importlib/__init__.py", line 126, in
              import_module

              return _bootstrap._gcd_import(name[level:], package, level)

              File "<frozen importlib._bootstrap>", line 1050, in  _gcd_import
              File    "<frozen    importlib._bootstrap>",    line   1027,   in
              _find_and_load File "<frozen importlib._bootstrap>",  line  992,
              in _find_and_load_unlocked File "<frozen importlib._bootstrap>",
              line  241,  in  _call_with_frames_removed  File   "<frozen   im‐
              portlib._bootstrap>",  line  1050,  in _gcd_import File "<frozen
              importlib._bootstrap>",  line  1027,  in   _find_and_load   File
              "<frozen      importlib._bootstrap>",      line     1006,     in
              _find_and_load_unlocked  File  "<frozen  importlib._bootstrap>",
              line  688,  in  _load_unlocked  File  "<frozen  importlib._boot‐
              strap_external>", line 883, in  exec_module  File  "<frozen  im‐
              portlib._bootstrap>",  line  241,  in  _call_with_frames_removed
              File                       "/builddir/build/BUILDROOT/fedscm-ad‐
              min-1.1.3-0.fc35.noarch/usr/lib/python3.10/site-packages/fed‐
              scm_admin/__init__.py", line 154, in <module>

              FAS_CLIENT = FASClient()

              File                       "/builddir/build/BUILDROOT/fedscm-ad‐
              min-1.1.3-0.fc35.noarch/usr/lib/python3.10/site-packages/fed‐
              scm_admin/fas.py", line 40, in __init__

              raise ClickException('Failed to create fasjson_client.')

       click.exceptions.ClickException: Failed to create fasjson_client.

SEE ALSO
       /usr/share/doc/fedscm-admin/README.md

fedscm-admin 1.1.3               November 2021                 FEDSCM-ADMIN(1)
